<?xml version="1.0" encoding="UTF-8"?>
<testng-results skipped="0" failed="0" total="1" passed="1">
  <reporter-output>
    <line>
      <![CDATA[Setting up reports and Test is getting ready]]>
    </line>
    <line>
      <![CDATA[Setting Done- Test can be started]]>
    </line>
    <line>
      <![CDATA[Test is about to end ]]>
    </line>
    <line>
      <![CDATA[Test Completed >>> Reports Generated]]>
    </line>
    <line>
      <![CDATA[Report can be accessed via >>> C:\Selenium\Practise\Automation/Reports/FreeCRM_12_06_2020_21_10_06.html]]>
    </line>
  </reporter-output>
  <suite name="Suite" duration-ms="16525" started-at="2020-12-06T15:40:06Z" finished-at="2020-12-06T15:40:23Z">
    <groups>
    </groups>
    <test name="Test" duration-ms="16525" started-at="2020-12-06T15:40:06Z" finished-at="2020-12-06T15:40:23Z">
      <class name="com.automation.testcases.LoginTest">
        <test-method status="PASS" signature="setupsuite()[pri:0, instance:com.automation.testcases.LoginTest@4563e9ab]" name="setupsuite" is-config="true" duration-ms="843" started-at="2020-12-06T21:10:05Z" finished-at="2020-12-06T21:10:06Z">
          <reporter-output>
            <line>
              <![CDATA[Setting up reports and Test is getting ready]]>
            </line>
            <line>
              <![CDATA[Setting Done- Test can be started]]>
            </line>
          </reporter-output>
        </test-method> <!-- setupsuite -->
        <test-method status="PASS" signature="setup()[pri:0, instance:com.automation.testcases.LoginTest@4563e9ab]" name="setup" is-config="true" duration-ms="12392" started-at="2020-12-06T21:10:06Z" finished-at="2020-12-06T21:10:19Z">
          <reporter-output>
          </reporter-output>
        </test-method> <!-- setup -->
        <test-method status="PASS" signature="LoginApp()[pri:0, instance:com.automation.testcases.LoginTest@4563e9ab]" name="LoginApp" duration-ms="1502" started-at="2020-12-06T21:10:19Z" finished-at="2020-12-06T21:10:20Z">
          <reporter-output>
          </reporter-output>
        </test-method> <!-- LoginApp -->
        <test-method status="PASS" signature="teardownMethod(org.testng.ITestResult)[pri:0, instance:com.automation.testcases.LoginTest@4563e9ab]" name="teardownMethod" is-config="true" duration-ms="1122" started-at="2020-12-06T21:10:20Z" finished-at="2020-12-06T21:10:21Z">
          <params>
            <param index="0">
              <value>
                <![CDATA[[TestResult name=LoginApp status=SUCCESS method=LoginTest.LoginApp()[pri:0, instance:com.automation.testcases.LoginTest@4563e9ab] output={null}]]]>
              </value>
            </param>
          </params>
          <reporter-output>
            <line>
              <![CDATA[Test is about to end ]]>
            </line>
            <line>
              <![CDATA[Test Completed >>> Reports Generated]]>
            </line>
            <line>
              <![CDATA[Report can be accessed via >>> C:\Selenium\Practise\Automation/Reports/FreeCRM_12_06_2020_21_10_06.html]]>
            </line>
          </reporter-output>
        </test-method> <!-- teardownMethod -->
        <test-method status="PASS" signature="teardown()[pri:0, instance:com.automation.testcases.LoginTest@4563e9ab]" name="teardown" is-config="true" duration-ms="1488" started-at="2020-12-06T21:10:21Z" finished-at="2020-12-06T21:10:23Z">
          <reporter-output>
          </reporter-output>
        </test-method> <!-- teardown -->
      </class> <!-- com.automation.testcases.LoginTest -->
    </test> <!-- Test -->
  </suite> <!-- Suite -->
</testng-results>
